<?xml version="1.0" encoding="UTF-8"?>
<testsuite xmlns:xsi="http://www.w3.org/2001/XMLSchema-instance" xsi:noNamespaceSchemaLocation="https://maven.apache.org/surefire/maven-surefire-plugin/xsd/surefire-test-report.xsd" version="3.0.2" name="com.multiplechoice.Multiple.MultipleApplicationTests" time="14.556" tests="1" errors="0" skipped="0" failures="0">
  <properties>
[...]
</properties>
  <testcase name="contextLoads" classname="com.multiplechoice.Multiple.MultipleApplicationTests" time="0.941">
    <system-out><![CDATA[21:20:04.909 [main] INFO org.springframework.test.context.support.AnnotationConfigContextLoaderUtils -- Could not detect default configuration classes for test class [com.multiplechoice.Multiple.MultipleApplicationTests]: MultipleApplicationTests does not declare any static, non-private, non-final, nested classes annotated with @Configuration.
21:20:05.193 [main] INFO org.springframework.boot.test.context.SpringBootTestContextBootstrapper -- Found @SpringBootConfiguration com.multiplechoice.Multiple.MultipleApplication for test class com.multiplechoice.Multiple.MultipleApplicationTests
21:20:05.566 [main] INFO org.springframework.boot.devtools.restart.RestartApplicationListener -- Restart disabled due to context in which it is running

  .   ____          _            __ _ _
 /\\ / ___'_ __ _ _(_)_ __  __ _ \ \ \ \
( ( )\___ | '_ | '_| | '_ \/ _` | \ \ \ \
 \\/  ___)| |_)| | | | | || (_| |  ) ) ) )
  '  |____| .__|_| |_|_| |_\__, | / / / /
 =========|_|==============|___/=/_/_/_/

 :: Spring Boot ::                (v3.4.2)

2025-07-31T21:20:06.120+05:30  INFO 14036 --- [Multiple] [           main] c.m.Multiple.MultipleApplicationTests    : Starting MultipleApplicationTests using Java 21.0.4 with PID 14036 (started by UMA MAHESWARARAO in D:\spring\Multiple)
2025-07-31T21:20:06.123+05:30  INFO 14036 --- [Multiple] [           main] c.m.Multiple.MultipleApplicationTests    : No active profile set, falling back to 1 default profile: "default"
2025-07-31T21:20:08.417+05:30  INFO 14036 --- [Multiple] [           main] .s.d.r.c.RepositoryConfigurationDelegate : Multiple Spring Data modules found, entering strict repository configuration mode
2025-07-31T21:20:08.422+05:30  INFO 14036 --- [Multiple] [           main] .s.d.r.c.RepositoryConfigurationDelegate : Bootstrapping Spring Data JDBC repositories in DEFAULT mode.
2025-07-31T21:20:08.548+05:30  INFO 14036 --- [Multiple] [           main] .RepositoryConfigurationExtensionSupport : Spring Data JDBC - Could not safely identify store assignment for repository candidate interface com.multiplechoice.Multiple.repository.QuestionRepository; If you want this repository to be a JDBC repository, consider annotating your entities with one of these annotations: org.springframework.data.relational.core.mapping.Table.
2025-07-31T21:20:08.555+05:30  INFO 14036 --- [Multiple] [           main] .RepositoryConfigurationExtensionSupport : Spring Data JDBC - Could not safely identify store assignment for repository candidate interface com.multiplechoice.Multiple.repository.UserQuizRepository; If you want this repository to be a JDBC repository, consider annotating your entities with one of these annotations: org.springframework.data.relational.core.mapping.Table.
2025-07-31T21:20:08.559+05:30  INFO 14036 --- [Multiple] [           main] .RepositoryConfigurationExtensionSupport : Spring Data JDBC - Could not safely identify store assignment for repository candidate interface com.multiplechoice.Multiple.repository.UserRepository; If you want this repository to be a JDBC repository, consider annotating your entities with one of these annotations: org.springframework.data.relational.core.mapping.Table.
2025-07-31T21:20:08.561+05:30  INFO 14036 --- [Multiple] [           main] .s.d.r.c.RepositoryConfigurationDelegate : Finished Spring Data repository scanning in 118 ms. Found 0 JDBC repository interfaces.
2025-07-31T21:20:08.595+05:30  INFO 14036 --- [Multiple] [           main] .s.d.r.c.RepositoryConfigurationDelegate : Multiple Spring Data modules found, entering strict repository configuration mode
2025-07-31T21:20:08.598+05:30  INFO 14036 --- [Multiple] [           main] .s.d.r.c.RepositoryConfigurationDelegate : Bootstrapping Spring Data JPA repositories in DEFAULT mode.
2025-07-31T21:20:08.700+05:30  INFO 14036 --- [Multiple] [           main] .s.d.r.c.RepositoryConfigurationDelegate : Finished Spring Data repository scanning in 88 ms. Found 3 JPA repository interfaces.
2025-07-31T21:20:10.065+05:30  INFO 14036 --- [Multiple] [           main] o.hibernate.jpa.internal.util.LogHelper  : HHH000204: Processing PersistenceUnitInfo [name: default]
2025-07-31T21:20:10.300+05:30  INFO 14036 --- [Multiple] [           main] org.hibernate.Version                    : HHH000412: Hibernate ORM core version 6.6.5.Final
2025-07-31T21:20:10.413+05:30  INFO 14036 --- [Multiple] [           main] o.h.c.internal.RegionFactoryInitiator    : HHH000026: Second-level cache disabled
2025-07-31T21:20:11.262+05:30  INFO 14036 --- [Multiple] [           main] o.s.o.j.p.SpringPersistenceUnitInfo      : No LoadTimeWeaver setup: ignoring JPA class transformer
2025-07-31T21:20:11.368+05:30  INFO 14036 --- [Multiple] [           main] com.zaxxer.hikari.HikariDataSource       : HikariPool-1 - Starting...
2025-07-31T21:20:12.458+05:30  INFO 14036 --- [Multiple] [           main] com.zaxxer.hikari.pool.HikariPool        : HikariPool-1 - Added connection com.mysql.cj.jdbc.ConnectionImpl@6f1d799
2025-07-31T21:20:12.461+05:30  INFO 14036 --- [Multiple] [           main] com.zaxxer.hikari.HikariDataSource       : HikariPool-1 - Start completed.
2025-07-31T21:20:12.708+05:30  INFO 14036 --- [Multiple] [           main] org.hibernate.orm.connections.pooling    : HHH10001005: Database info:
	Database JDBC URL [Connecting through datasource 'HikariDataSource (HikariPool-1)']
	Database driver: undefined/unknown
	Database version: 8.2
	Autocommit mode: undefined/unknown
	Isolation level: undefined/unknown
	Minimum pool size: undefined/unknown
	Maximum pool size: undefined/unknown
2025-07-31T21:20:14.547+05:30  INFO 14036 --- [Multiple] [           main] o.h.e.t.j.p.i.JtaPlatformInitiator       : HHH000489: No JTA platform available (set 'hibernate.transaction.jta.platform' to enable JTA platform integration)
2025-07-31T21:20:14.704+05:30  INFO 14036 --- [Multiple] [           main] j.LocalContainerEntityManagerFactoryBean : Initialized JPA EntityManagerFactory for persistence unit 'default'
2025-07-31T21:20:15.282+05:30  INFO 14036 --- [Multiple] [           main] o.s.d.j.r.query.QueryEnhancerFactory     : Hibernate is in classpath; If applicable, HQL parser will be used.
2025-07-31T21:20:16.886+05:30  WARN 14036 --- [Multiple] [           main] JpaBaseConfiguration$JpaWebConfiguration : spring.jpa.open-in-view is enabled by default. Therefore, database queries may be performed during view rendering. Explicitly configure spring.jpa.open-in-view to disable this warning
2025-07-31T21:20:18.023+05:30  INFO 14036 --- [Multiple] [           main] c.m.Multiple.MultipleApplicationTests    : Started MultipleApplicationTests in 12.484 seconds (process running for 14.655)
]]></system-out>
    <system-err><![CDATA[Mockito is currently self-attaching to enable the inline-mock-maker. This will no longer work in future releases of the JDK. Please add Mockito as an agent to your build what is described in Mockito's documentation: https://javadoc.io/doc/org.mockito/mockito-core/latest/org/mockito/Mockito.html#0.3
WARNING: A Java agent has been loaded dynamically (C:\Users\UMA MAHESWARARAO\.m2\repository\net\bytebuddy\byte-buddy-agent\1.15.11\byte-buddy-agent-1.15.11.jar)
WARNING: If a serviceability tool is in use, please run with -XX:+EnableDynamicAgentLoading to hide this warning
WARNING: If a serviceability tool is not in use, please run with -Djdk.instrument.traceUsage for more information
WARNING: Dynamic loading of agents will be disallowed by default in a future release
]]></system-err>
  </testcase>
</testsuite>